This file contains any messages produced by compilers while
running configure, to aid debugging if configure makes a mistake.

It was created by kutils configure indev-0.1, which was
generated by GNU Autoconf 2.72.  Invocation command line was

  $ ./configure

## --------- ##
## Platform. ##
## --------- ##

hostname = fornzltoth-laptop12thgenintelcore
uname -m = x86_64
uname -r = 6.1.105-1-MANJARO
uname -s = Linux
uname -v = #1 SMP PREEMPT_DYNAMIC Wed Aug 14 17:16:54 UTC 2024

/usr/bin/uname -p = unknown
/bin/uname -X     = unknown

/bin/arch              = unknown
/usr/bin/arch -k       = unknown
/usr/convex/getsysinfo = unknown
/usr/bin/hostinfo      = unknown
/bin/machine           = unknown
/usr/bin/oslevel       = unknown
/bin/universe          = unknown

PATH: /home/fornzltoth/.cargo/bin/
PATH: /home/fornzltoth/.local/bin/
PATH: /usr/local/bin/
PATH: /usr/bin/
PATH: /usr/local/sbin/
PATH: /var/lib/flatpak/exports/bin/
PATH: /usr/lib/jvm/default/bin/
PATH: /usr/bin/site_perl/
PATH: /usr/bin/vendor_perl/
PATH: /usr/bin/core_perl/


## ----------- ##
## Core tests. ##
## ----------- ##

configure:2622: looking for aux files: config.guess config.sub ltmain.sh compile ar-lib missing install-sh
configure:2635:  trying ./
configure:2664:   ./config.guess found
configure:2664:   ./config.sub found
configure:2664:   ./ltmain.sh found
configure:2664:   ./compile found
configure:2664:   ./ar-lib found
configure:2664:   ./missing found
configure:2646:   ./install-sh found
configure:2794: checking for a BSD-compatible install
configure:2868: result: /usr/bin/install -c
configure:2879: checking whether sleep supports fractional seconds
configure:2895: result: yes
configure:2898: checking filesystem timestamp resolution
configure:3033: result: 0.01
configure:3038: checking whether build environment is sane
configure:3079: result: yes
configure:3250: checking for a race-free mkdir -p
configure:3293: result: /usr/bin/mkdir -p
configure:3300: checking for gawk
configure:3321: found /usr/bin/gawk
configure:3333: result: gawk
configure:3344: checking whether make sets $(MAKE)
configure:3368: result: yes
configure:3394: checking whether make supports nested variables
configure:3413: result: yes
configure:3427: checking xargs -n works
configure:3443: result: yes
configure:3554: checking whether make supports the include directive
configure:3569: make -f confmf.GNU && cat confinc.out
this is the am__doit target
configure:3572: $? = 0
configure:3591: result: yes (GNU style)
configure:3668: checking for gcc
configure:3689: found /usr/bin/gcc
configure:3701: result: gcc
configure:4060: checking for C compiler version
configure:4069: gcc --version >&5
gcc (GCC) 14.2.1 20240805
Copyright (C) 2024 Free Software Foundation, Inc.
This is free software; see the source for copying conditions.  There is NO
warranty; not even for MERCHANTABILITY or FITNESS FOR A PARTICULAR PURPOSE.

configure:4080: $? = 0
configure:4069: gcc -v >&5
Using built-in specs.
COLLECT_GCC=gcc
COLLECT_LTO_WRAPPER=/usr/lib/gcc/x86_64-pc-linux-gnu/14.2.1/lto-wrapper
Target: x86_64-pc-linux-gnu
Configured with: /build/gcc/src/gcc/configure --enable-languages=ada,c,c++,d,fortran,go,lto,m2,objc,obj-c++,rust --enable-bootstrap --prefix=/usr --libdir=/usr/lib --libexecdir=/usr/lib --mandir=/usr/share/man --infodir=/usr/share/info --with-bugurl=https://gitlab.archlinux.org/archlinux/packaging/packages/gcc/-/issues --with-build-config=bootstrap-lto --with-linker-hash-style=gnu --with-system-zlib --enable-__cxa_atexit --enable-cet=auto --enable-checking=release --enable-clocale=gnu --enable-default-pie --enable-default-ssp --enable-gnu-indirect-function --enable-gnu-unique-object --enable-libstdcxx-backtrace --enable-link-serialization=1 --enable-linker-build-id --enable-lto --enable-multilib --enable-plugin --enable-shared --enable-threads=posix --disable-libssp --disable-libstdcxx-pch --disable-werror
Thread model: posix
Supported LTO compression algorithms: zlib zstd
gcc version 14.2.1 20240805 (GCC) 
configure:4080: $? = 0
configure:4069: gcc -V >&5
gcc: error: unrecognized command-line option '-V'
gcc: fatal error: no input files
compilation terminated.
configure:4080: $? = 1
configure:4069: gcc -qversion >&5
gcc: error: unrecognized command-line option '-qversion'; did you mean '--version'?
gcc: fatal error: no input files
compilation terminated.
configure:4080: $? = 1
configure:4069: gcc -version >&5
gcc: error: unrecognized command-line option '-version'
gcc: fatal error: no input files
compilation terminated.
configure:4080: $? = 1
configure:4100: checking whether the C compiler works
configure:4122: gcc    conftest.c  >&5
configure:4126: $? = 0
configure:4177: result: yes
configure:4181: checking for C compiler default output file name
configure:4183: result: a.out
configure:4189: checking for suffix of executables
configure:4196: gcc -o conftest    conftest.c  >&5
configure:4200: $? = 0
configure:4224: result: 
configure:4248: checking whether we are cross compiling
configure:4256: gcc -o conftest    conftest.c  >&5
configure:4260: $? = 0
configure:4267: ./conftest
configure:4271: $? = 0
configure:4286: result: no
configure:4292: checking for suffix of object files
configure:4315: gcc -c   conftest.c >&5
configure:4319: $? = 0
configure:4343: result: o
configure:4347: checking whether the compiler supports GNU C
configure:4367: gcc -c   conftest.c >&5
configure:4367: $? = 0
configure:4379: result: yes
configure:4390: checking whether gcc accepts -g
configure:4411: gcc -c -g  conftest.c >&5
configure:4411: $? = 0
configure:4458: result: yes
configure:4478: checking for gcc option to enable C11 features
configure:4493: gcc  -c -g -O2  conftest.c >&5
configure:4493: $? = 0
configure:4512: result: none needed
configure:4636: checking whether gcc understands -c and -o together
configure:4659: gcc -c conftest.c -o conftest2.o
configure:4662: $? = 0
configure:4659: gcc -c conftest.c -o conftest2.o
configure:4662: $? = 0
configure:4675: result: yes
configure:4694: checking dependency style of gcc
configure:4807: result: gcc3
configure:4879: checking for ar
configure:4900: found /usr/bin/ar
configure:4912: result: ar
configure:4939: checking the archiver (ar) interface
configure:4956: gcc -c -g -O2  conftest.c >&5
configure:4956: $? = 0
configure:4959: ar cr libconftest.a conftest.o >&5
configure:4962: $? = 0
configure:4991: result: ar
configure:5043: checking build system type
configure:5059: result: x86_64-pc-linux-gnu
configure:5079: checking host system type
configure:5094: result: x86_64-pc-linux-gnu
configure:5135: checking how to print strings
configure:5162: result: printf
configure:5183: checking for a sed that does not truncate output
configure:5255: result: /usr/bin/sed
configure:5273: checking for grep that handles long lines and -e
configure:5339: result: /usr/bin/grep
configure:5344: checking for egrep
configure:5414: result: /usr/bin/grep -E
configure:5421: checking for fgrep
configure:5491: result: /usr/bin/grep -F
configure:5528: checking for ld used by gcc
configure:5597: result: /usr/bin/ld
configure:5604: checking if the linker (/usr/bin/ld) is GNU ld
configure:5621: result: yes
configure:5633: checking for BSD- or MS-compatible name lister (nm)
configure:5689: result: /usr/bin/nm -B
configure:5831: checking the name lister (/usr/bin/nm -B) interface
configure:5839: gcc -c -g -O2  conftest.c >&5
configure:5842: /usr/bin/nm -B "conftest.o"
configure:5845: output
0000000000000000 B some_variable
configure:5853: result: BSD nm
configure:5856: checking whether ln -s works
configure:5860: result: yes
configure:5868: checking the maximum length of command line arguments
configure:6001: result: 1572864
configure:6049: checking how to convert x86_64-pc-linux-gnu file names to x86_64-pc-linux-gnu format
configure:6091: result: func_convert_file_noop
configure:6098: checking how to convert x86_64-pc-linux-gnu file names to toolchain format
configure:6120: result: func_convert_file_noop
configure:6127: checking for /usr/bin/ld option to reload object files
configure:6136: result: -r
configure:6169: checking for file
configure:6190: found /usr/bin/file
configure:6203: result: file
configure:6266: checking for objdump
configure:6287: found /usr/bin/objdump
configure:6299: result: objdump
configure:6331: checking how to recognize dependent libraries
configure:6532: result: pass_all
configure:6623: checking for dlltool
configure:6659: result: no
configure:6689: checking how to associate runtime and link libraries
configure:6718: result: printf %s\n
configure:6870: checking for archiver @FILE support
configure:6888: gcc -c -g -O2  conftest.c >&5
configure:6888: $? = 0
configure:6892: ar cr libconftest.a @conftest.lst >&5
configure:6895: $? = 0
configure:6900: ar cr libconftest.a @conftest.lst >&5
ar: conftest.o: No such file or directory
configure:6903: $? = 1
configure:6916: result: @
configure:6980: checking for strip
configure:7001: found /usr/bin/strip
configure:7013: result: strip
configure:7091: checking for ranlib
configure:7112: found /usr/bin/ranlib
configure:7124: result: ranlib
configure:7219: checking command to parse /usr/bin/nm -B output from gcc object
configure:7373: gcc -c -g -O2  conftest.c >&5
configure:7376: $? = 0
configure:7380: /usr/bin/nm -B conftest.o \| /usr/bin/sed -n -e 's/^.*[ ]\([ABCDGIRSTW][ABCDGIRSTW]*\)[ ][ ]*\([_A-Za-z][_A-Za-z0-9]*\)$/\1 \2 \2/p' | /usr/bin/sed '/ __gnu_lto/d' \> conftest.nm
configure:7383: $? = 0
configure:7449: gcc -o conftest -g -O2   conftest.c conftstm.o >&5
configure:7452: $? = 0
configure:7491: result: ok
configure:7538: checking for sysroot
configure:7572: result: no
configure:7579: checking for a working dd
configure:7624: result: /usr/bin/dd
configure:7628: checking how to truncate binary pipes
configure:7645: result: /usr/bin/dd bs=4096 count=1
configure:7782: gcc -c -g -O2  conftest.c >&5
configure:7785: $? = 0
configure:7985: checking for mt
configure:8021: result: no
configure:8041: checking if : is a manifest tool
configure:8048: : '-?'
configure:8057: result: no
configure:8839: checking for stdio.h
configure:8839: gcc -c -g -O2  conftest.c >&5
configure:8839: $? = 0
configure:8839: result: yes
configure:8839: checking for stdlib.h
configure:8839: gcc -c -g -O2  conftest.c >&5
configure:8839: $? = 0
configure:8839: result: yes
configure:8839: checking for string.h
configure:8839: gcc -c -g -O2  conftest.c >&5
configure:8839: $? = 0
configure:8839: result: yes
configure:8839: checking for inttypes.h
configure:8839: gcc -c -g -O2  conftest.c >&5
configure:8839: $? = 0
configure:8839: result: yes
configure:8839: checking for stdint.h
configure:8839: gcc -c -g -O2  conftest.c >&5
configure:8839: $? = 0
configure:8839: result: yes
configure:8839: checking for strings.h
configure:8839: gcc -c -g -O2  conftest.c >&5
configure:8839: $? = 0
configure:8839: result: yes
configure:8839: checking for sys/stat.h
configure:8839: gcc -c -g -O2  conftest.c >&5
configure:8839: $? = 0
configure:8839: result: yes
configure:8839: checking for sys/types.h
configure:8839: gcc -c -g -O2  conftest.c >&5
configure:8839: $? = 0
configure:8839: result: yes
configure:8839: checking for unistd.h
configure:8839: gcc -c -g -O2  conftest.c >&5
configure:8839: $? = 0
configure:8839: result: yes
configure:8864: checking for dlfcn.h
configure:8864: gcc -c -g -O2  conftest.c >&5
configure:8864: $? = 0
configure:8864: result: yes
configure:9129: checking for objdir
configure:9146: result: .libs
configure:9412: checking if gcc supports -fno-rtti -fno-exceptions
configure:9431: gcc -c -g -O2  -fno-rtti -fno-exceptions conftest.c >&5
cc1: warning: command-line option '-fno-rtti' is valid for C++/D/ObjC++ but not for C
configure:9435: $? = 0
configure:9449: result: no
configure:9813: checking for gcc option to produce PIC
configure:9822: result: -fPIC -DPIC
configure:9830: checking if gcc PIC flag -fPIC -DPIC works
configure:9849: gcc -c -g -O2  -fPIC -DPIC -DPIC conftest.c >&5
configure:9853: $? = 0
configure:9867: result: yes
configure:9896: checking if gcc static flag -static works
configure:9926: result: yes
configure:9941: checking if gcc supports -c -o file.o
configure:9963: gcc -c -g -O2  -o out/conftest2.o conftest.c >&5
configure:9967: $? = 0
configure:9990: result: yes
configure:9998: checking if gcc supports -c -o file.o
configure:10047: result: yes
configure:10080: checking whether the gcc linker (/usr/bin/ld -m elf_x86_64) supports shared libraries
configure:11353: result: yes
configure:11390: checking whether -lc should be explicitly linked in
configure:11399: gcc -c -g -O2  conftest.c >&5
configure:11402: $? = 0
configure:11417: gcc -shared  -fPIC -DPIC conftest.o  -v -Wl,-soname -Wl,conftest -o conftest 2\>\&1 \| /usr/bin/grep  -lc  \>/dev/null 2\>\&1
configure:11420: $? = 0
configure:11435: result: no
configure:11595: checking dynamic linker characteristics
configure:12192: gcc -o conftest -g -O2   -Wl,-rpath -Wl,/foo conftest.c  >&5
configure:12192: $? = 0
configure:12432: result: GNU/Linux ld.so
configure:12554: checking how to hardcode library paths into programs
configure:12579: result: immediate
configure:13179: checking whether stripping libraries is possible
configure:13188: result: yes
configure:13230: checking if libtool supports shared libraries
configure:13232: result: yes
configure:13235: checking whether to build shared libraries
configure:13260: result: yes
configure:13263: checking whether to build static libraries
configure:13267: result: yes
configure:13305: WARNING: AM_PATH_CHECK() is deprecated
configure:13307: WARNING: use PKG_CHECK_MODULES([CHECK], [check >= 0.9.4]) instead
configure:13319: checking for check - version >= 0.8.2
configure:13394: gcc -c -g -O2   conftest.c >&5
configure:13394: $? = 0
configure:13407: result: yes
configure:13530: checking for gcc
configure:13563: result: gcc
configure:13922: checking for C compiler version
configure:13931: gcc --version >&5
gcc (GCC) 14.2.1 20240805
Copyright (C) 2024 Free Software Foundation, Inc.
This is free software; see the source for copying conditions.  There is NO
warranty; not even for MERCHANTABILITY or FITNESS FOR A PARTICULAR PURPOSE.

configure:13942: $? = 0
configure:13931: gcc -v >&5
Using built-in specs.
COLLECT_GCC=gcc
COLLECT_LTO_WRAPPER=/usr/lib/gcc/x86_64-pc-linux-gnu/14.2.1/lto-wrapper
Target: x86_64-pc-linux-gnu
Configured with: /build/gcc/src/gcc/configure --enable-languages=ada,c,c++,d,fortran,go,lto,m2,objc,obj-c++,rust --enable-bootstrap --prefix=/usr --libdir=/usr/lib --libexecdir=/usr/lib --mandir=/usr/share/man --infodir=/usr/share/info --with-bugurl=https://gitlab.archlinux.org/archlinux/packaging/packages/gcc/-/issues --with-build-config=bootstrap-lto --with-linker-hash-style=gnu --with-system-zlib --enable-__cxa_atexit --enable-cet=auto --enable-checking=release --enable-clocale=gnu --enable-default-pie --enable-default-ssp --enable-gnu-indirect-function --enable-gnu-unique-object --enable-libstdcxx-backtrace --enable-link-serialization=1 --enable-linker-build-id --enable-lto --enable-multilib --enable-plugin --enable-shared --enable-threads=posix --disable-libssp --disable-libstdcxx-pch --disable-werror
Thread model: posix
Supported LTO compression algorithms: zlib zstd
gcc version 14.2.1 20240805 (GCC) 
configure:13942: $? = 0
configure:13931: gcc -V >&5
gcc: error: unrecognized command-line option '-V'
gcc: fatal error: no input files
compilation terminated.
configure:13942: $? = 1
configure:13931: gcc -qversion >&5
gcc: error: unrecognized command-line option '-qversion'; did you mean '--version'?
gcc: fatal error: no input files
compilation terminated.
configure:13942: $? = 1
configure:13931: gcc -version >&5
gcc: error: unrecognized command-line option '-version'
gcc: fatal error: no input files
compilation terminated.
configure:13942: $? = 1
configure:13946: checking whether the compiler supports GNU C
configure:13978: result: yes
configure:13989: checking whether gcc accepts -g
configure:14057: result: yes
configure:14077: checking for gcc option to enable C11 features
configure:14111: result: none needed
configure:14235: checking whether gcc understands -c and -o together
configure:14274: result: yes
configure:14293: checking dependency style of gcc
configure:14406: result: gcc3
configure:14427: checking for stdint.h
configure:14427: result: yes
configure:14436: checking for int16_t
configure:14436: gcc -c -g -O2  conftest.c >&5
configure:14436: $? = 0
configure:14436: gcc -c -g -O2  conftest.c >&5
conftest.c: In function 'main':
conftest.c:56:12: error: size of array 'test_array' is negative
   56 | static int test_array [1 - 2 * !((int16_t) (((((int16_t) 1 << N) << N) - 1) * 2 + 1)
      |            ^~~~~~~~~~
configure:14436: $? = 1
configure: failed program was:
| /* confdefs.h */
| #define PACKAGE_NAME "kutils"
| #define PACKAGE_TARNAME "kutils"
| #define PACKAGE_VERSION "indev-0.1"
| #define PACKAGE_STRING "kutils indev-0.1"
| #define PACKAGE_BUGREPORT "kevinncosby2@gmail.com"
| #define PACKAGE_URL ""
| #define PACKAGE "kutils"
| #define VERSION "indev-0.1"
| #define HAVE_STDIO_H 1
| #define HAVE_STDLIB_H 1
| #define HAVE_STRING_H 1
| #define HAVE_INTTYPES_H 1
| #define HAVE_STDINT_H 1
| #define HAVE_STRINGS_H 1
| #define HAVE_SYS_STAT_H 1
| #define HAVE_SYS_TYPES_H 1
| #define HAVE_UNISTD_H 1
| #define STDC_HEADERS 1
| #define HAVE_DLFCN_H 1
| #define LT_OBJDIR ".libs/"
| #define HAVE_STDINT_H 1
| /* end confdefs.h.  */
| #include <stddef.h>
| #ifdef HAVE_STDIO_H
| # include <stdio.h>
| #endif
| #ifdef HAVE_STDLIB_H
| # include <stdlib.h>
| #endif
| #ifdef HAVE_STRING_H
| # include <string.h>
| #endif
| #ifdef HAVE_INTTYPES_H
| # include <inttypes.h>
| #endif
| #ifdef HAVE_STDINT_H
| # include <stdint.h>
| #endif
| #ifdef HAVE_STRINGS_H
| # include <strings.h>
| #endif
| #ifdef HAVE_SYS_TYPES_H
| # include <sys/types.h>
| #endif
| #ifdef HAVE_SYS_STAT_H
| # include <sys/stat.h>
| #endif
| #ifdef HAVE_UNISTD_H
| # include <unistd.h>
| #endif
| 	        enum { N = 16 / 2 - 1 };
| int
| main (void)
| {
| static int test_array [1 - 2 * !((int16_t) (((((int16_t) 1 << N) << N) - 1) * 2 + 1)
| 		 < (int16_t) (((((int16_t) 1 << N) << N) - 1) * 2 + 2))];
| test_array [0] = 0;
| return test_array [0];
| 
|   ;
|   return 0;
| }
configure:14436: result: yes
configure:14445: checking for int32_t
configure:14445: gcc -c -g -O2  conftest.c >&5
configure:14445: $? = 0
configure:14445: gcc -c -g -O2  conftest.c >&5
conftest.c: In function 'main':
conftest.c:57:67: warning: integer overflow in expression of type 'int' results in '-2147483648' [-Woverflow]
   57 |                  < (int32_t) (((((int32_t) 1 << N) << N) - 1) * 2 + 2))];
      |                                                                   ^
conftest.c:56:12: error: storage size of 'test_array' isn't constant
   56 | static int test_array [1 - 2 * !((int32_t) (((((int32_t) 1 << N) << N) - 1) * 2 + 1)
      |            ^~~~~~~~~~
configure:14445: $? = 1
configure: failed program was:
| /* confdefs.h */
| #define PACKAGE_NAME "kutils"
| #define PACKAGE_TARNAME "kutils"
| #define PACKAGE_VERSION "indev-0.1"
| #define PACKAGE_STRING "kutils indev-0.1"
| #define PACKAGE_BUGREPORT "kevinncosby2@gmail.com"
| #define PACKAGE_URL ""
| #define PACKAGE "kutils"
| #define VERSION "indev-0.1"
| #define HAVE_STDIO_H 1
| #define HAVE_STDLIB_H 1
| #define HAVE_STRING_H 1
| #define HAVE_INTTYPES_H 1
| #define HAVE_STDINT_H 1
| #define HAVE_STRINGS_H 1
| #define HAVE_SYS_STAT_H 1
| #define HAVE_SYS_TYPES_H 1
| #define HAVE_UNISTD_H 1
| #define STDC_HEADERS 1
| #define HAVE_DLFCN_H 1
| #define LT_OBJDIR ".libs/"
| #define HAVE_STDINT_H 1
| /* end confdefs.h.  */
| #include <stddef.h>
| #ifdef HAVE_STDIO_H
| # include <stdio.h>
| #endif
| #ifdef HAVE_STDLIB_H
| # include <stdlib.h>
| #endif
| #ifdef HAVE_STRING_H
| # include <string.h>
| #endif
| #ifdef HAVE_INTTYPES_H
| # include <inttypes.h>
| #endif
| #ifdef HAVE_STDINT_H
| # include <stdint.h>
| #endif
| #ifdef HAVE_STRINGS_H
| # include <strings.h>
| #endif
| #ifdef HAVE_SYS_TYPES_H
| # include <sys/types.h>
| #endif
| #ifdef HAVE_SYS_STAT_H
| # include <sys/stat.h>
| #endif
| #ifdef HAVE_UNISTD_H
| # include <unistd.h>
| #endif
| 	        enum { N = 32 / 2 - 1 };
| int
| main (void)
| {
| static int test_array [1 - 2 * !((int32_t) (((((int32_t) 1 << N) << N) - 1) * 2 + 1)
| 		 < (int32_t) (((((int32_t) 1 << N) << N) - 1) * 2 + 2))];
| test_array [0] = 0;
| return test_array [0];
| 
|   ;
|   return 0;
| }
configure:14445: result: yes
configure:14454: checking for int64_t
configure:14454: gcc -c -g -O2  conftest.c >&5
configure:14454: $? = 0
configure:14454: gcc -c -g -O2  conftest.c >&5
conftest.c: In function 'main':
conftest.c:57:67: warning: integer overflow in expression of type 'long int' results in '-9223372036854775808' [-Woverflow]
   57 |                  < (int64_t) (((((int64_t) 1 << N) << N) - 1) * 2 + 2))];
      |                                                                   ^
conftest.c:56:12: error: storage size of 'test_array' isn't constant
   56 | static int test_array [1 - 2 * !((int64_t) (((((int64_t) 1 << N) << N) - 1) * 2 + 1)
      |            ^~~~~~~~~~
configure:14454: $? = 1
configure: failed program was:
| /* confdefs.h */
| #define PACKAGE_NAME "kutils"
| #define PACKAGE_TARNAME "kutils"
| #define PACKAGE_VERSION "indev-0.1"
| #define PACKAGE_STRING "kutils indev-0.1"
| #define PACKAGE_BUGREPORT "kevinncosby2@gmail.com"
| #define PACKAGE_URL ""
| #define PACKAGE "kutils"
| #define VERSION "indev-0.1"
| #define HAVE_STDIO_H 1
| #define HAVE_STDLIB_H 1
| #define HAVE_STRING_H 1
| #define HAVE_INTTYPES_H 1
| #define HAVE_STDINT_H 1
| #define HAVE_STRINGS_H 1
| #define HAVE_SYS_STAT_H 1
| #define HAVE_SYS_TYPES_H 1
| #define HAVE_UNISTD_H 1
| #define STDC_HEADERS 1
| #define HAVE_DLFCN_H 1
| #define LT_OBJDIR ".libs/"
| #define HAVE_STDINT_H 1
| /* end confdefs.h.  */
| #include <stddef.h>
| #ifdef HAVE_STDIO_H
| # include <stdio.h>
| #endif
| #ifdef HAVE_STDLIB_H
| # include <stdlib.h>
| #endif
| #ifdef HAVE_STRING_H
| # include <string.h>
| #endif
| #ifdef HAVE_INTTYPES_H
| # include <inttypes.h>
| #endif
| #ifdef HAVE_STDINT_H
| # include <stdint.h>
| #endif
| #ifdef HAVE_STRINGS_H
| # include <strings.h>
| #endif
| #ifdef HAVE_SYS_TYPES_H
| # include <sys/types.h>
| #endif
| #ifdef HAVE_SYS_STAT_H
| # include <sys/stat.h>
| #endif
| #ifdef HAVE_UNISTD_H
| # include <unistd.h>
| #endif
| 	        enum { N = 64 / 2 - 1 };
| int
| main (void)
| {
| static int test_array [1 - 2 * !((int64_t) (((((int64_t) 1 << N) << N) - 1) * 2 + 1)
| 		 < (int64_t) (((((int64_t) 1 << N) << N) - 1) * 2 + 2))];
| test_array [0] = 0;
| return test_array [0];
| 
|   ;
|   return 0;
| }
configure:14454: result: yes
configure:14463: checking for int8_t
configure:14463: gcc -c -g -O2  conftest.c >&5
configure:14463: $? = 0
configure:14463: gcc -c -g -O2  conftest.c >&5
conftest.c: In function 'main':
conftest.c:56:12: error: size of array 'test_array' is negative
   56 | static int test_array [1 - 2 * !((int8_t) (((((int8_t) 1 << N) << N) - 1) * 2 + 1)
      |            ^~~~~~~~~~
configure:14463: $? = 1
configure: failed program was:
| /* confdefs.h */
| #define PACKAGE_NAME "kutils"
| #define PACKAGE_TARNAME "kutils"
| #define PACKAGE_VERSION "indev-0.1"
| #define PACKAGE_STRING "kutils indev-0.1"
| #define PACKAGE_BUGREPORT "kevinncosby2@gmail.com"
| #define PACKAGE_URL ""
| #define PACKAGE "kutils"
| #define VERSION "indev-0.1"
| #define HAVE_STDIO_H 1
| #define HAVE_STDLIB_H 1
| #define HAVE_STRING_H 1
| #define HAVE_INTTYPES_H 1
| #define HAVE_STDINT_H 1
| #define HAVE_STRINGS_H 1
| #define HAVE_SYS_STAT_H 1
| #define HAVE_SYS_TYPES_H 1
| #define HAVE_UNISTD_H 1
| #define STDC_HEADERS 1
| #define HAVE_DLFCN_H 1
| #define LT_OBJDIR ".libs/"
| #define HAVE_STDINT_H 1
| /* end confdefs.h.  */
| #include <stddef.h>
| #ifdef HAVE_STDIO_H
| # include <stdio.h>
| #endif
| #ifdef HAVE_STDLIB_H
| # include <stdlib.h>
| #endif
| #ifdef HAVE_STRING_H
| # include <string.h>
| #endif
| #ifdef HAVE_INTTYPES_H
| # include <inttypes.h>
| #endif
| #ifdef HAVE_STDINT_H
| # include <stdint.h>
| #endif
| #ifdef HAVE_STRINGS_H
| # include <strings.h>
| #endif
| #ifdef HAVE_SYS_TYPES_H
| # include <sys/types.h>
| #endif
| #ifdef HAVE_SYS_STAT_H
| # include <sys/stat.h>
| #endif
| #ifdef HAVE_UNISTD_H
| # include <unistd.h>
| #endif
| 	        enum { N = 8 / 2 - 1 };
| int
| main (void)
| {
| static int test_array [1 - 2 * !((int8_t) (((((int8_t) 1 << N) << N) - 1) * 2 + 1)
| 		 < (int8_t) (((((int8_t) 1 << N) << N) - 1) * 2 + 2))];
| test_array [0] = 0;
| return test_array [0];
| 
|   ;
|   return 0;
| }
configure:14463: result: yes
configure:14472: checking for size_t
configure:14472: gcc -c -g -O2  conftest.c >&5
configure:14472: $? = 0
configure:14472: gcc -c -g -O2  conftest.c >&5
conftest.c: In function 'main':
conftest.c:55:21: error: expected expression before ')' token
   55 | if (sizeof ((size_t)))
      |                     ^
configure:14472: $? = 1
configure: failed program was:
| /* confdefs.h */
| #define PACKAGE_NAME "kutils"
| #define PACKAGE_TARNAME "kutils"
| #define PACKAGE_VERSION "indev-0.1"
| #define PACKAGE_STRING "kutils indev-0.1"
| #define PACKAGE_BUGREPORT "kevinncosby2@gmail.com"
| #define PACKAGE_URL ""
| #define PACKAGE "kutils"
| #define VERSION "indev-0.1"
| #define HAVE_STDIO_H 1
| #define HAVE_STDLIB_H 1
| #define HAVE_STRING_H 1
| #define HAVE_INTTYPES_H 1
| #define HAVE_STDINT_H 1
| #define HAVE_STRINGS_H 1
| #define HAVE_SYS_STAT_H 1
| #define HAVE_SYS_TYPES_H 1
| #define HAVE_UNISTD_H 1
| #define STDC_HEADERS 1
| #define HAVE_DLFCN_H 1
| #define LT_OBJDIR ".libs/"
| #define HAVE_STDINT_H 1
| /* end confdefs.h.  */
| #include <stddef.h>
| #ifdef HAVE_STDIO_H
| # include <stdio.h>
| #endif
| #ifdef HAVE_STDLIB_H
| # include <stdlib.h>
| #endif
| #ifdef HAVE_STRING_H
| # include <string.h>
| #endif
| #ifdef HAVE_INTTYPES_H
| # include <inttypes.h>
| #endif
| #ifdef HAVE_STDINT_H
| # include <stdint.h>
| #endif
| #ifdef HAVE_STRINGS_H
| # include <strings.h>
| #endif
| #ifdef HAVE_SYS_TYPES_H
| # include <sys/types.h>
| #endif
| #ifdef HAVE_SYS_STAT_H
| # include <sys/stat.h>
| #endif
| #ifdef HAVE_UNISTD_H
| # include <unistd.h>
| #endif
| int
| main (void)
| {
| if (sizeof ((size_t)))
| 	    return 0;
|   ;
|   return 0;
| }
configure:14472: result: yes
configure:14483: checking for uint16_t
configure:14483: gcc -c -g -O2  conftest.c >&5
configure:14483: $? = 0
configure:14483: result: yes
configure:14493: checking for uint32_t
configure:14493: gcc -c -g -O2  conftest.c >&5
configure:14493: $? = 0
configure:14493: result: yes
configure:14505: checking for uint64_t
configure:14505: gcc -c -g -O2  conftest.c >&5
configure:14505: $? = 0
configure:14505: result: yes
configure:14517: checking for uint8_t
configure:14517: gcc -c -g -O2  conftest.c >&5
configure:14517: $? = 0
configure:14517: result: yes
configure:14529: checking for ptrdiff_t
configure:14529: gcc -c -g -O2  conftest.c >&5
configure:14529: $? = 0
configure:14529: gcc -c -g -O2  conftest.c >&5
conftest.c: In function 'main':
conftest.c:55:24: error: expected expression before ')' token
   55 | if (sizeof ((ptrdiff_t)))
      |                        ^
configure:14529: $? = 1
configure: failed program was:
| /* confdefs.h */
| #define PACKAGE_NAME "kutils"
| #define PACKAGE_TARNAME "kutils"
| #define PACKAGE_VERSION "indev-0.1"
| #define PACKAGE_STRING "kutils indev-0.1"
| #define PACKAGE_BUGREPORT "kevinncosby2@gmail.com"
| #define PACKAGE_URL ""
| #define PACKAGE "kutils"
| #define VERSION "indev-0.1"
| #define HAVE_STDIO_H 1
| #define HAVE_STDLIB_H 1
| #define HAVE_STRING_H 1
| #define HAVE_INTTYPES_H 1
| #define HAVE_STDINT_H 1
| #define HAVE_STRINGS_H 1
| #define HAVE_SYS_STAT_H 1
| #define HAVE_SYS_TYPES_H 1
| #define HAVE_UNISTD_H 1
| #define STDC_HEADERS 1
| #define HAVE_DLFCN_H 1
| #define LT_OBJDIR ".libs/"
| #define HAVE_STDINT_H 1
| /* end confdefs.h.  */
| #include <stddef.h>
| #ifdef HAVE_STDIO_H
| # include <stdio.h>
| #endif
| #ifdef HAVE_STDLIB_H
| # include <stdlib.h>
| #endif
| #ifdef HAVE_STRING_H
| # include <string.h>
| #endif
| #ifdef HAVE_INTTYPES_H
| # include <inttypes.h>
| #endif
| #ifdef HAVE_STDINT_H
| # include <stdint.h>
| #endif
| #ifdef HAVE_STRINGS_H
| # include <strings.h>
| #endif
| #ifdef HAVE_SYS_TYPES_H
| # include <sys/types.h>
| #endif
| #ifdef HAVE_SYS_STAT_H
| # include <sys/stat.h>
| #endif
| #ifdef HAVE_UNISTD_H
| # include <unistd.h>
| #endif
| int
| main (void)
| {
| if (sizeof ((ptrdiff_t)))
| 	    return 0;
|   ;
|   return 0;
| }
configure:14529: result: yes
configure:14540: checking for GNU libc compatible malloc
configure:14572: gcc -o conftest -g -O2   conftest.c  >&5
configure:14572: $? = 0
configure:14572: ./conftest
configure:14572: $? = 0
configure:14586: result: yes
configure:14609: checking for GNU libc compatible realloc
configure:14641: gcc -o conftest -g -O2   conftest.c  >&5
configure:14641: $? = 0
configure:14641: ./conftest
configure:14641: $? = 0
configure:14655: result: yes
configure:14678: checking for clock_gettime
configure:14678: gcc -o conftest -g -O2   conftest.c  >&5
configure:14678: $? = 0
configure:14678: result: yes
configure:14790: checking that generated files are newer than configure
configure:14796: result: done
configure:14835: creating ./config.status

## ---------------------- ##
## Running config.status. ##
## ---------------------- ##

This file was extended by kutils config.status indev-0.1, which was
generated by GNU Autoconf 2.72.  Invocation command line was

  CONFIG_FILES    = 
  CONFIG_HEADERS  = 
  CONFIG_LINKS    = 
  CONFIG_COMMANDS = 
  $ ./config.status 

on fornzltoth-laptop12thgenintelcore

config.status:1096: creating Makefile
config.status:1096: creating src/Makefile
config.status:1096: creating tests/Makefile
config.status:1096: creating config.h
config.status:1277: config.h is unchanged
config.status:1325: executing depfiles commands
config.status:1402: cd src       && sed -e '/# am--include-marker/d' Makefile         | make -f - am--depfiles
make: Nothing to be done for 'am--depfiles'.
config.status:1407: $? = 0
config.status:1402: cd tests       && sed -e '/# am--include-marker/d' Makefile         | make -f - am--depfiles
make: Nothing to be done for 'am--depfiles'.
config.status:1407: $? = 0
config.status:1325: executing libtool commands

## ---------------- ##
## Cache variables. ##
## ---------------- ##

ac_cv_build=x86_64-pc-linux-gnu
ac_cv_c_compiler_gnu=yes
ac_cv_c_int16_t=yes
ac_cv_c_int32_t=yes
ac_cv_c_int64_t=yes
ac_cv_c_int8_t=yes
ac_cv_c_uint16_t=yes
ac_cv_c_uint32_t=yes
ac_cv_c_uint64_t=yes
ac_cv_c_uint8_t=yes
ac_cv_env_CC_set=
ac_cv_env_CC_value=
ac_cv_env_CFLAGS_set=
ac_cv_env_CFLAGS_value=
ac_cv_env_CPPFLAGS_set=
ac_cv_env_CPPFLAGS_value=
ac_cv_env_LDFLAGS_set=
ac_cv_env_LDFLAGS_value=
ac_cv_env_LIBS_set=
ac_cv_env_LIBS_value=
ac_cv_env_LT_SYS_LIBRARY_PATH_set=
ac_cv_env_LT_SYS_LIBRARY_PATH_value=
ac_cv_env_build_alias_set=
ac_cv_env_build_alias_value=
ac_cv_env_host_alias_set=
ac_cv_env_host_alias_value=
ac_cv_env_target_alias_set=
ac_cv_env_target_alias_value=
ac_cv_func_clock_gettime=yes
ac_cv_func_malloc_0_nonnull=yes
ac_cv_func_realloc_0_nonnull=yes
ac_cv_header_dlfcn_h=yes
ac_cv_header_inttypes_h=yes
ac_cv_header_stdint_h=yes
ac_cv_header_stdio_h=yes
ac_cv_header_stdlib_h=yes
ac_cv_header_string_h=yes
ac_cv_header_strings_h=yes
ac_cv_header_sys_stat_h=yes
ac_cv_header_sys_types_h=yes
ac_cv_header_unistd_h=yes
ac_cv_host=x86_64-pc-linux-gnu
ac_cv_objext=o
ac_cv_path_EGREP='/usr/bin/grep -E'
ac_cv_path_EGREP_TRADITIONAL='/usr/bin/grep -E'
ac_cv_path_FGREP='/usr/bin/grep -F'
ac_cv_path_GREP=/usr/bin/grep
ac_cv_path_SED=/usr/bin/sed
ac_cv_path_install='/usr/bin/install -c'
ac_cv_path_lt_DD=/usr/bin/dd
ac_cv_path_mkdir=/usr/bin/mkdir
ac_cv_prog_AWK=gawk
ac_cv_prog_FILECMD=file
ac_cv_prog_ac_ct_AR=ar
ac_cv_prog_ac_ct_CC=gcc
ac_cv_prog_ac_ct_OBJDUMP=objdump
ac_cv_prog_ac_ct_RANLIB=ranlib
ac_cv_prog_ac_ct_STRIP=strip
ac_cv_prog_cc_c11=
ac_cv_prog_cc_g=yes
ac_cv_prog_cc_stdc=
ac_cv_prog_make_make_set=yes
ac_cv_type_ptrdiff_t=yes
ac_cv_type_size_t=yes
am_cv_CC_dependencies_compiler_type=gcc3
am_cv_ar_interface=ar
am_cv_filesystem_timestamp_resolution=0.01
am_cv_make_support_nested_variables=yes
am_cv_prog_cc_c_o=yes
am_cv_sleep_fractional_seconds=yes
am_cv_xargs_n_works=yes
lt_cv_ar_at_file=@
lt_cv_archive_cmds_need_lc=no
lt_cv_deplibs_check_method=pass_all
lt_cv_file_magic_cmd='$MAGIC_CMD'
lt_cv_file_magic_test_file=
lt_cv_ld_reload_flag=-r
lt_cv_nm_interface='BSD nm'
lt_cv_objdir=.libs
lt_cv_path_LD=/usr/bin/ld
lt_cv_path_NM='/usr/bin/nm -B'
lt_cv_path_manifest_tool=no
lt_cv_prog_compiler_c_o=yes
lt_cv_prog_compiler_pic='-fPIC -DPIC'
lt_cv_prog_compiler_pic_works=yes
lt_cv_prog_compiler_rtti_exceptions=no
lt_cv_prog_compiler_static_works=yes
lt_cv_prog_gnu_ld=yes
lt_cv_sharedlib_from_linklib_cmd='printf %s\n'
lt_cv_shlibpath_overrides_runpath=yes
lt_cv_sys_global_symbol_pipe='/usr/bin/sed -n -e '\''s/^.*[	 ]\([ABCDGIRSTW][ABCDGIRSTW]*\)[	 ][	 ]*\([_A-Za-z][_A-Za-z0-9]*\)$/\1 \2 \2/p'\'' | /usr/bin/sed '\''/ __gnu_lto/d'\'''
lt_cv_sys_global_symbol_to_c_name_address='/usr/bin/sed -n -e '\''s/^: \(.*\) .*$/  {"\1", (void *) 0},/p'\'' -e '\''s/^[ABCDGIRSTW][ABCDGIRSTW]* .* \(.*\)$/  {"\1", (void *) \&\1},/p'\'''
lt_cv_sys_global_symbol_to_c_name_address_lib_prefix='/usr/bin/sed -n -e '\''s/^: \(.*\) .*$/  {"\1", (void *) 0},/p'\'' -e '\''s/^[ABCDGIRSTW][ABCDGIRSTW]* .* \(lib.*\)$/  {"\1", (void *) \&\1},/p'\'' -e '\''s/^[ABCDGIRSTW][ABCDGIRSTW]* .* \(.*\)$/  {"lib\1", (void *) \&\1},/p'\'''
lt_cv_sys_global_symbol_to_cdecl='/usr/bin/sed -n -e '\''s/^T .* \(.*\)$/extern int \1();/p'\'' -e '\''s/^[ABCDGIRSTW][ABCDGIRSTW]* .* \(.*\)$/extern char \1;/p'\'''
lt_cv_sys_global_symbol_to_import=
lt_cv_sys_max_cmd_len=1572864
lt_cv_to_host_file_cmd=func_convert_file_noop
lt_cv_to_tool_file_cmd=func_convert_file_noop
lt_cv_truncate_bin='/usr/bin/dd bs=4096 count=1'

## ----------------- ##
## Output variables. ##
## ----------------- ##

ACLOCAL='${SHELL} '\''/home/fornzltoth/Documents/Programming/c_projects/kutils/missing'\'' aclocal-1.17'
AMDEPBACKSLASH='\'
AMDEP_FALSE='#'
AMDEP_TRUE=''
AMTAR='$${TAR-tar}'
AM_BACKSLASH='\'
AM_DEFAULT_V='$(AM_DEFAULT_VERBOSITY)'
AM_DEFAULT_VERBOSITY='1'
AM_V='$(V)'
AR='ar'
AUTOCONF='${SHELL} '\''/home/fornzltoth/Documents/Programming/c_projects/kutils/missing'\'' autoconf'
AUTOHEADER='${SHELL} '\''/home/fornzltoth/Documents/Programming/c_projects/kutils/missing'\'' autoheader'
AUTOMAKE='${SHELL} '\''/home/fornzltoth/Documents/Programming/c_projects/kutils/missing'\'' automake-1.17'
AWK='gawk'
CC='gcc'
CCDEPMODE='depmode=gcc3'
CFLAGS='-g -O2'
CHECK_CFLAGS=''
CHECK_LIBS='-lcheck'
CPPFLAGS=''
CSCOPE='cscope'
CTAGS='ctags'
CYGPATH_W='echo'
DEFS='-DHAVE_CONFIG_H'
DEPDIR='.deps'
DLLTOOL='false'
DSYMUTIL=''
DUMPBIN=''
ECHO_C=''
ECHO_N='-n'
ECHO_T=''
EGREP='/usr/bin/grep -E'
ETAGS='etags'
EXEEXT=''
FGREP='/usr/bin/grep -F'
FILECMD='file'
GREP='/usr/bin/grep'
INSTALL_DATA='${INSTALL} -m 644'
INSTALL_PROGRAM='${INSTALL}'
INSTALL_SCRIPT='${INSTALL}'
INSTALL_STRIP_PROGRAM='$(install_sh) -c -s'
LD='/usr/bin/ld -m elf_x86_64'
LDFLAGS=''
LIBOBJS=''
LIBS=''
LIBTOOL='$(SHELL) $(top_builddir)/libtool'
LIPO=''
LN_S='ln -s'
LTLIBOBJS=''
LT_SYS_LIBRARY_PATH=''
MAKEINFO='${SHELL} '\''/home/fornzltoth/Documents/Programming/c_projects/kutils/missing'\'' makeinfo'
MANIFEST_TOOL=':'
MKDIR_P='/usr/bin/mkdir -p'
NM='/usr/bin/nm -B'
NMEDIT=''
OBJDUMP='objdump'
OBJEXT='o'
OTOOL64=''
OTOOL=''
PACKAGE='kutils'
PACKAGE_BUGREPORT='kevinncosby2@gmail.com'
PACKAGE_NAME='kutils'
PACKAGE_STRING='kutils indev-0.1'
PACKAGE_TARNAME='kutils'
PACKAGE_URL=''
PACKAGE_VERSION='indev-0.1'
PATH_SEPARATOR=':'
RANLIB='ranlib'
SED='/usr/bin/sed'
SET_MAKE=''
SHELL='/bin/sh'
STRIP='strip'
VERSION='indev-0.1'
ac_ct_AR='ar'
ac_ct_CC='gcc'
ac_ct_DUMPBIN=''
am__EXEEXT_FALSE=''
am__EXEEXT_TRUE='#'
am__fastdepCC_FALSE='#'
am__fastdepCC_TRUE=''
am__include='include'
am__isrc=''
am__leading_dot='.'
am__nodep='_no'
am__quote=''
am__rm_f_notfound=''
am__tar='$${TAR-tar} chof - "$$tardir"'
am__untar='$${TAR-tar} xf -'
am__xargs_n='xargs -n'
bindir='${exec_prefix}/bin'
build='x86_64-pc-linux-gnu'
build_alias=''
build_cpu='x86_64'
build_os='linux-gnu'
build_vendor='pc'
datadir='${datarootdir}'
datarootdir='${prefix}/share'
docdir='${datarootdir}/doc/${PACKAGE_TARNAME}'
dvidir='${docdir}'
exec_prefix='${prefix}'
host='x86_64-pc-linux-gnu'
host_alias=''
host_cpu='x86_64'
host_os='linux-gnu'
host_vendor='pc'
htmldir='${docdir}'
includedir='${prefix}/include'
infodir='${datarootdir}/info'
install_sh='${SHELL} /home/fornzltoth/Documents/Programming/c_projects/kutils/install-sh'
libdir='${exec_prefix}/lib'
libexecdir='${exec_prefix}/libexec'
localedir='${datarootdir}/locale'
localstatedir='${prefix}/var'
mandir='${datarootdir}/man'
mkdir_p='$(MKDIR_P)'
oldincludedir='/usr/include'
pdfdir='${docdir}'
prefix='/usr/local'
program_transform_name='s,x,x,'
psdir='${docdir}'
runstatedir='${localstatedir}/run'
sbindir='${exec_prefix}/sbin'
sharedstatedir='${prefix}/com'
sysconfdir='${prefix}/etc'
target_alias=''

## ----------- ##
## confdefs.h. ##
## ----------- ##

/* confdefs.h */
#define PACKAGE_NAME "kutils"
#define PACKAGE_TARNAME "kutils"
#define PACKAGE_VERSION "indev-0.1"
#define PACKAGE_STRING "kutils indev-0.1"
#define PACKAGE_BUGREPORT "kevinncosby2@gmail.com"
#define PACKAGE_URL ""
#define PACKAGE "kutils"
#define VERSION "indev-0.1"
#define HAVE_STDIO_H 1
#define HAVE_STDLIB_H 1
#define HAVE_STRING_H 1
#define HAVE_INTTYPES_H 1
#define HAVE_STDINT_H 1
#define HAVE_STRINGS_H 1
#define HAVE_SYS_STAT_H 1
#define HAVE_SYS_TYPES_H 1
#define HAVE_UNISTD_H 1
#define STDC_HEADERS 1
#define HAVE_DLFCN_H 1
#define LT_OBJDIR ".libs/"
#define HAVE_STDINT_H 1
#define HAVE_PTRDIFF_T 1
#define HAVE_MALLOC 1
#define HAVE_REALLOC 1
#define HAVE_CLOCK_GETTIME 1

configure: exit 0
